

Microchip MPLAB XC8 Assembler V2.05 build -831301201 
                                                                                               Tue Oct 27 15:00:07 2020

Microchip MPLAB XC8 C Compiler v2.05 (Free license) build 20181220022703 Og1 
     1                           	processor	16LF15313
     2                           	opt	pw 120
     3                           	opt	flic
     4                           	psect	cinit,global,class=CODE,merge=1,delta=2
     5                           	psect	cstackCOMMON,global,class=COMMON,space=1,delta=1
     6                           	psect	maintext,global,class=CODE,merge=1,split=1,delta=2
     7                           	dabs	1,0x7E,2
     8  0000                     
     9                           ; Version 2.05
    10                           ; Generated 20/12/2018 GMT
    11                           ; 
    12                           ; Copyright © 2018, Microchip Technology Inc. and its subsidiaries ("Microchip")
    13                           ; All rights reserved.
    14                           ; 
    15                           ; This software is developed by Microchip Technology Inc. and its subsidiaries ("Microch
      +                          ip").
    16                           ; 
    17                           ; Redistribution and use in source and binary forms, with or without modification, are
    18                           ; permitted provided that the following conditions are met:
    19                           ; 
    20                           ;     1. Redistributions of source code must retain the above copyright notice, this lis
      +                          t of
    21                           ;        conditions and the following disclaimer.
    22                           ; 
    23                           ;     2. Redistributions in binary form must reproduce the above copyright notice, this 
      +                          list
    24                           ;        of conditions and the following disclaimer in the documentation and/or other
    25                           ;        materials provided with the distribution.
    26                           ; 
    27                           ;     3. Microchip's name may not be used to endorse or promote products derived from th
      +                          is
    28                           ;        software without specific prior written permission.
    29                           ; 
    30                           ; THIS SOFTWARE IS PROVIDED BY MICROCHIP "AS IS" AND ANY EXPRESS OR IMPLIED WARRANTIES,
    31                           ; INCLUDING, BUT NOT LIMITED TO, THE IMPLIED WARRANTIES OF MERCHANTABILITY AND FITNESS F
      +                          OR
    32                           ; PURPOSE ARE DISCLAIMED.  IN NO EVENT SHALL MICROCHIP BE LIABLE FOR ANY DIRECT, INDIREC
      +                          T,
    33                           ; INCIDENTAL, SPECIAL, EXEMPLARY, OR CONSEQUENTIAL DAMAGES (INCLUDING BUT NOT LIMITED TO
    34                           ; PROCUREMENT OF SUBSTITUTE GOODS OR SERVICES; LOSS OF USE, DATA OR PROFITS; OR BUSINESS
    35                           ; INTERRUPTION) HOWSOEVER CAUSED AND ON ANY THEORY OF LIABILITY, WHETHER IN CONTRACT, ST
      +                          RICT
    36                           ; LIABILITY, OR TORT (INCLUDING NEGLIGENCE OR OTHERWISE) ARISING IN ANY WAY OUT OF THE U
      +                          SE OF
    37                           ; THIS SOFTWARE, EVEN IF ADVISED OF THE POSSIBILITY OF SUCH DAMAGE.
    38                           ; 
    39                           ; 
    40                           ; Code-generator required, PIC16LF15313 Definitions
    41                           ; 
    42                           ; SFR Addresses
    43  0000                     	;# 
    44  0001                     	;# 
    45  0002                     	;# 
    46  0003                     	;# 
    47  0004                     	;# 
    48  0005                     	;# 
    49  0006                     	;# 
    50  0007                     	;# 
    51  0008                     	;# 
    52  0009                     	;# 
    53  000A                     	;# 
    54  000B                     	;# 
    55  000C                     	;# 
    56  0012                     	;# 
    57  0018                     	;# 
    58  009B                     	;# 
    59  009B                     	;# 
    60  009C                     	;# 
    61  009D                     	;# 
    62  009E                     	;# 
    63  009F                     	;# 
    64  0119                     	;# 
    65  0119                     	;# 
    66  0119                     	;# 
    67  011A                     	;# 
    68  011A                     	;# 
    69  011A                     	;# 
    70  011B                     	;# 
    71  011B                     	;# 
    72  011B                     	;# 
    73  011B                     	;# 
    74  011B                     	;# 
    75  011C                     	;# 
    76  011C                     	;# 
    77  011C                     	;# 
    78  011D                     	;# 
    79  011D                     	;# 
    80  011D                     	;# 
    81  011E                     	;# 
    82  011E                     	;# 
    83  011E                     	;# 
    84  011F                     	;# 
    85  011F                     	;# 
    86  011F                     	;# 
    87  011F                     	;# 
    88  011F                     	;# 
    89  018C                     	;# 
    90  018D                     	;# 
    91  018E                     	;# 
    92  018F                     	;# 
    93  0190                     	;# 
    94  0191                     	;# 
    95  0192                     	;# 
    96  020C                     	;# 
    97  020C                     	;# 
    98  020D                     	;# 
    99  020E                     	;# 
   100  020F                     	;# 
   101  020F                     	;# 
   102  0210                     	;# 
   103  0210                     	;# 
   104  0211                     	;# 
   105  0211                     	;# 
   106  028C                     	;# 
   107  028C                     	;# 
   108  028D                     	;# 
   109  028D                     	;# 
   110  028E                     	;# 
   111  028F                     	;# 
   112  0290                     	;# 
   113  0291                     	;# 
   114  030C                     	;# 
   115  030C                     	;# 
   116  030D                     	;# 
   117  030E                     	;# 
   118  030F                     	;# 
   119  0310                     	;# 
   120  0310                     	;# 
   121  0311                     	;# 
   122  0312                     	;# 
   123  0313                     	;# 
   124  0314                     	;# 
   125  0314                     	;# 
   126  0315                     	;# 
   127  0316                     	;# 
   128  0318                     	;# 
   129  0318                     	;# 
   130  0319                     	;# 
   131  031A                     	;# 
   132  031C                     	;# 
   133  031C                     	;# 
   134  031D                     	;# 
   135  031E                     	;# 
   136  038C                     	;# 
   137  038C                     	;# 
   138  038D                     	;# 
   139  038E                     	;# 
   140  058C                     	;# 
   141  058C                     	;# 
   142  058D                     	;# 
   143  058E                     	;# 
   144  058F                     	;# 
   145  058F                     	;# 
   146  0590                     	;# 
   147  0591                     	;# 
   148  0592                     	;# 
   149  0593                     	;# 
   150  059C                     	;# 
   151  059C                     	;# 
   152  059D                     	;# 
   153  059D                     	;# 
   154  059E                     	;# 
   155  059F                     	;# 
   156  060C                     	;# 
   157  060D                     	;# 
   158  060E                     	;# 
   159  060F                     	;# 
   160  0610                     	;# 
   161  0611                     	;# 
   162  0612                     	;# 
   163  0613                     	;# 
   164  0614                     	;# 
   165  070C                     	;# 
   166  070D                     	;# 
   167  070E                     	;# 
   168  070F                     	;# 
   169  0710                     	;# 
   170  0711                     	;# 
   171  0712                     	;# 
   172  0713                     	;# 
   173  0716                     	;# 
   174  0717                     	;# 
   175  0718                     	;# 
   176  0719                     	;# 
   177  071A                     	;# 
   178  071B                     	;# 
   179  071C                     	;# 
   180  071D                     	;# 
   181  0796                     	;# 
   182  0797                     	;# 
   183  0798                     	;# 
   184  0799                     	;# 
   185  079A                     	;# 
   186  079B                     	;# 
   187  080C                     	;# 
   188  080D                     	;# 
   189  080E                     	;# 
   190  080F                     	;# 
   191  0810                     	;# 
   192  0811                     	;# 
   193  0813                     	;# 
   194  0814                     	;# 
   195  081A                     	;# 
   196  081A                     	;# 
   197  081B                     	;# 
   198  081C                     	;# 
   199  081C                     	;# 
   200  081D                     	;# 
   201  081E                     	;# 
   202  081F                     	;# 
   203  088C                     	;# 
   204  088D                     	;# 
   205  088E                     	;# 
   206  088F                     	;# 
   207  0890                     	;# 
   208  0891                     	;# 
   209  0892                     	;# 
   210  0893                     	;# 
   211  0895                     	;# 
   212  0896                     	;# 
   213  090C                     	;# 
   214  090E                     	;# 
   215  090F                     	;# 
   216  091F                     	;# 
   217  098F                     	;# 
   218  098F                     	;# 
   219  0990                     	;# 
   220  0991                     	;# 
   221  0992                     	;# 
   222  0993                     	;# 
   223  1E0F                     	;# 
   224  1E10                     	;# 
   225  1E11                     	;# 
   226  1E12                     	;# 
   227  1E13                     	;# 
   228  1E14                     	;# 
   229  1E15                     	;# 
   230  1E16                     	;# 
   231  1E17                     	;# 
   232  1E18                     	;# 
   233  1E19                     	;# 
   234  1E1A                     	;# 
   235  1E1B                     	;# 
   236  1E1C                     	;# 
   237  1E1D                     	;# 
   238  1E1E                     	;# 
   239  1E1F                     	;# 
   240  1E20                     	;# 
   241  1E21                     	;# 
   242  1E22                     	;# 
   243  1E23                     	;# 
   244  1E24                     	;# 
   245  1E25                     	;# 
   246  1E26                     	;# 
   247  1E27                     	;# 
   248  1E28                     	;# 
   249  1E29                     	;# 
   250  1E2A                     	;# 
   251  1E2B                     	;# 
   252  1E2C                     	;# 
   253  1E2D                     	;# 
   254  1E2E                     	;# 
   255  1E2F                     	;# 
   256  1E30                     	;# 
   257  1E31                     	;# 
   258  1E32                     	;# 
   259  1E33                     	;# 
   260  1E34                     	;# 
   261  1E35                     	;# 
   262  1E36                     	;# 
   263  1E37                     	;# 
   264  1E8F                     	;# 
   265  1E90                     	;# 
   266  1E91                     	;# 
   267  1E92                     	;# 
   268  1E93                     	;# 
   269  1E9C                     	;# 
   270  1EA1                     	;# 
   271  1EA2                     	;# 
   272  1EB1                     	;# 
   273  1EBB                     	;# 
   274  1EBC                     	;# 
   275  1EBD                     	;# 
   276  1EBE                     	;# 
   277  1EC3                     	;# 
   278  1EC5                     	;# 
   279  1EC6                     	;# 
   280  1EC7                     	;# 
   281  1ECB                     	;# 
   282  1ECC                     	;# 
   283  1F10                     	;# 
   284  1F11                     	;# 
   285  1F12                     	;# 
   286  1F13                     	;# 
   287  1F14                     	;# 
   288  1F15                     	;# 
   289  1F38                     	;# 
   290  1F39                     	;# 
   291  1F3A                     	;# 
   292  1F3B                     	;# 
   293  1F3C                     	;# 
   294  1F3D                     	;# 
   295  1F3E                     	;# 
   296  1F3F                     	;# 
   297  1FE4                     	;# 
   298  1FE5                     	;# 
   299  1FE6                     	;# 
   300  1FE7                     	;# 
   301  1FE8                     	;# 
   302  1FE8                     	;# 
   303  1FE9                     	;# 
   304  1FEA                     	;# 
   305  1FEA                     	;# 
   306  1FEB                     	;# 
   307  1FED                     	;# 
   308  1FEE                     	;# 
   309  1FEF                     	;# 
   310  000C                     _PORTAbits	set	12
   311  00C2                     _LATA2	set	194
   312  00C0                     _LATA0	set	192
   313  00C1                     _LATA1	set	193
   314  0094                     _TRISA4	set	148
   315  0095                     _TRISA5	set	149
   316  0090                     _TRISA0	set	144
   317  0091                     _TRISA1	set	145
   318  1F38                     _ANSELA	set	7992
   319                           
   320                           	psect	cinit
   321  07FE                     start_initialization:	
   322                           ; #config settings
   323                           
   324  07FE                     __initialization:	
   325  07FE                     end_of_initialization:	
   326                           ;End of C runtime variable initialization code
   327                           
   328  07FE                     __end_of__initialization:	
   329  07FE  0140               	movlb	0
   330  07FF  2FDC               	ljmp	_main	;jump to C main() function
   331                           
   332                           	psect	cstackCOMMON
   333  0070                     __pcstackCOMMON:	
   334  0070                     ?_main:	
   335  0070                     main@argc:	
   336                           ; 2 bytes @ 0x0
   337                           
   338                           
   339                           ; 2 bytes @ 0x0
   340  0070                     	ds	2
   341  0072                     main@argv:	
   342                           
   343                           ; 2 bytes @ 0x2
   344  0072                     	ds	2
   345  0074                     ??_main:	
   346  0074                     _main$60:	
   347                           ; 1 bytes @ 0x4
   348                           
   349                           
   350                           ; 1 bytes @ 0x4
   351  0074                     	ds	1
   352                           
   353                           	psect	maintext
   354  07DC                     __pmaintext:	
   355 ;;
   356 ;;Main: autosize = 0, tempsize = 0, incstack = 0, save=0
   357 ;;
   358 ;; *************** function _main *****************
   359 ;; Defined at:
   360 ;;		line 16 in file "main.c"
   361 ;; Parameters:    Size  Location     Type
   362 ;;  argc            2    0[COMMON] int 
   363 ;;  argv            2    2[COMMON] PTR PTR unsigned char 
   364 ;; Auto vars:     Size  Location     Type
   365 ;;		None
   366 ;; Return value:  Size  Location     Type
   367 ;;                  2    0[COMMON] int 
   368 ;; Registers used:
   369 ;;		wreg, status,2, status,0
   370 ;; Tracked objects:
   371 ;;		On entry : B3F/0
   372 ;;		On exit  : 0/0
   373 ;;		Unchanged: 0/0
   374 ;; Data sizes:     COMMON   BANK0   BANK1   BANK2
   375 ;;      Params:         4       0       0       0
   376 ;;      Locals:         1       0       0       0
   377 ;;      Temps:          0       0       0       0
   378 ;;      Totals:         5       0       0       0
   379 ;;Total ram usage:        5 bytes
   380 ;; This function calls:
   381 ;;		Nothing
   382 ;; This function is called by:
   383 ;;		Startup code after reset
   384 ;; This function uses a non-reentrant model
   385 ;;
   386                           
   387                           
   388                           ;psect for function _main
   389  07DC                     _main:	
   390                           
   391                           ;main.c: 17:     TRISA1 = 0;
   392                           
   393                           ;incstack = 0
   394                           ; Regs used in _main: [wreg+status,2+status,0]
   395  07DC  0140               	movlb	0	; select bank0
   396  07DD  1092               	bcf	18,1	;volatile
   397                           
   398                           ;main.c: 18:     TRISA0 = 0;
   399  07DE  1012               	bcf	18,0	;volatile
   400                           
   401                           ;main.c: 19:     TRISA5 = 1;
   402  07DF  1692               	bsf	18,5	;volatile
   403                           
   404                           ;main.c: 20:     TRISA4 = 1;
   405  07E0  1612               	bsf	18,4	;volatile
   406                           
   407                           ;main.c: 22:     ANSELA = 0x00;
   408  07E1  017E               	movlb	62	; select bank62
   409  07E2  01B8               	clrf	56	;volatile
   410  07E3                     l574:	
   411                           
   412                           ;main.c: 25:         LATA1 = PORTAbits.RA5;
   413  07E3  0140               	movlb	0	; select bank0
   414  07E4  1E8C               	btfss	12,5	;volatile
   415  07E5  2FE9               	goto	u70
   416  07E6  0140               	movlb	0	; select bank0
   417  07E7  1498               	bsf	24,1	;volatile
   418  07E8  2FEB               	goto	l576
   419  07E9                     u70:	
   420  07E9  0140               	movlb	0	; select bank0
   421  07EA  1098               	bcf	24,1	;volatile
   422  07EB                     l576:	
   423                           
   424                           ;main.c: 26:         LATA0 = PORTAbits.RA4;
   425  07EB  1E0C               	btfss	12,4	;volatile
   426  07EC  2FF0               	goto	u90
   427  07ED  0140               	movlb	0	; select bank0
   428  07EE  1418               	bsf	24,0	;volatile
   429  07EF  2FF2               	goto	u104
   430  07F0                     u90:	
   431  07F0  0140               	movlb	0	; select bank0
   432  07F1  1018               	bcf	24,0	;volatile
   433  07F2                     u104:	
   434                           
   435                           ;main.c: 27:         LATA2 = PORTAbits.RA5 && PORTAbits.RA5;
   436  07F2  01F4               	clrf	_main$60
   437  07F3  1A8C               	btfsc	12,5	;volatile
   438  07F4  1E8C               	btfss	12,5	;volatile
   439  07F5  2FF8               	goto	l584
   440  07F6  01F4               	clrf	_main$60
   441  07F7  0AF4               	incf	_main$60,f
   442  07F8                     l584:	
   443  07F8  0C74               	rrf	_main$60,w
   444  07F9  1C03               	skipc
   445  07FA  1118               	bcf	24,2	;volatile
   446  07FB  1803               	skipnc
   447  07FC  1518               	bsf	24,2	;volatile
   448  07FD  2FE3               	goto	l574
   449  07FE                     __end_of_main:	
   450  007E                     btemp	set	126	;btemp
   451  007E                     wtemp0	set	126


Data Sizes:
    Strings     0
    Constant    0
    Data        0
    BSS         0
    Persistent  32
    Stack       0

Auto Spaces:
    Space          Size  Autos    Used
    COMMON           14      5       5
    BANK0            80      0       0
    BANK1            80      0       0
    BANK2            80      0       0

Pointer List with Targets:

    None.

Critical Paths under _main in COMMON

    None.

Critical Paths under _main in BANK0

    None.

Critical Paths under _main in BANK1

    None.

Critical Paths under _main in BANK2

    None.

Call Graph Tables:

 ---------------------------------------------------------------------------------
 (Depth) Function   	        Calls       Base Space   Used Autos Params    Refs
 ---------------------------------------------------------------------------------
 (0) _main                                                 5     1      4      24
                                              0 COMMON     5     1      4
 ---------------------------------------------------------------------------------
 Estimated maximum stack depth 0
 ---------------------------------------------------------------------------------

 Call Graph Graphs:

 _main (ROOT)

 Address spaces:
Name               Size   Autos  Total    Cost      Usage
BIGRAM              F0      0       0       0        0.0%
NULL                 0      0       0       0        0.0%
CODE                 0      0       0       0        0.0%
BITCOMMON            E      0       0       1        0.0%
BITSFR0              0      0       0       1        0.0%
SFR0                 0      0       0       1        0.0%
COMMON               E      5       5       2       35.7%
BITSFR1              0      0       0       2        0.0%
SFR1                 0      0       0       2        0.0%
BITSFR2              0      0       0       3        0.0%
SFR2                 0      0       0       3        0.0%
STACK                0      0       0       3        0.0%
BITBANK0            50      0       0       4        0.0%
BITSFR3              0      0       0       4        0.0%
SFR3                 0      0       0       4        0.0%
BANK0               50      0       0       5        0.0%
BITSFR4              0      0       0       5        0.0%
SFR4                 0      0       0       5        0.0%
BITBANK1            50      0       0       6        0.0%
BITSFR5              0      0       0       6        0.0%
SFR5                 0      0       0       6        0.0%
BANK1               50      0       0       7        0.0%
BITSFR6              0      0       0       7        0.0%
SFR6                 0      0       0       7        0.0%
BITBANK2            50      0       0       8        0.0%
BITSFR7              0      0       0       8        0.0%
SFR7                 0      0       0       8        0.0%
BANK2               50      0       0       9        0.0%
BITSFR8              0      0       0       9        0.0%
SFR8                 0      0       0       9        0.0%
BITSFR9              0      0       0      10        0.0%
SFR9                 0      0       0      10        0.0%
ABS                  0      0       0      10        0.0%
BITSFR10             0      0       0      11        0.0%
SFR10                0      0       0      11        0.0%
DATA                 0      0       0      11        0.0%
BITSFR11             0      0       0      12        0.0%
SFR11                0      0       0      12        0.0%
BITSFR12             0      0       0      13        0.0%
SFR12                0      0       0      13        0.0%
BITSFR13             0      0       0      14        0.0%
SFR13                0      0       0      14        0.0%
BITSFR14             0      0       0      15        0.0%
SFR14                0      0       0      15        0.0%
BITSFR15             0      0       0      16        0.0%
SFR15                0      0       0      16        0.0%
BITSFR16             0      0       0      17        0.0%
SFR16                0      0       0      17        0.0%
BITSFR17             0      0       0      18        0.0%
SFR17                0      0       0      18        0.0%
BITSFR18             0      0       0      19        0.0%
SFR18                0      0       0      19        0.0%
BITSFR19             0      0       0      20        0.0%
SFR19                0      0       0      20        0.0%
BITSFR20             0      0       0      21        0.0%
SFR20                0      0       0      21        0.0%
BITSFR21             0      0       0      22        0.0%
SFR21                0      0       0      22        0.0%
BITSFR22             0      0       0      23        0.0%
SFR22                0      0       0      23        0.0%
BITSFR23             0      0       0      24        0.0%
SFR23                0      0       0      24        0.0%
BITSFR24             0      0       0      25        0.0%
SFR24                0      0       0      25        0.0%
BITSFR25             0      0       0      26        0.0%
SFR25                0      0       0      26        0.0%
BITSFR26             0      0       0      27        0.0%
SFR26                0      0       0      27        0.0%
BITSFR27             0      0       0      28        0.0%
SFR27                0      0       0      28        0.0%
BITSFR28             0      0       0      29        0.0%
SFR28                0      0       0      29        0.0%
BITSFR29             0      0       0      30        0.0%
SFR29                0      0       0      30        0.0%
BITSFR30             0      0       0      31        0.0%
SFR30                0      0       0      31        0.0%
BITSFR31             0      0       0      32        0.0%
SFR31                0      0       0      32        0.0%
BITSFR32             0      0       0      33        0.0%
SFR32                0      0       0      33        0.0%
BITSFR33             0      0       0      34        0.0%
SFR33                0      0       0      34        0.0%
BITSFR34             0      0       0      35        0.0%
SFR34                0      0       0      35        0.0%
BITSFR35             0      0       0      36        0.0%
SFR35                0      0       0      36        0.0%
BITSFR36             0      0       0      37        0.0%
SFR36                0      0       0      37        0.0%
BITSFR37             0      0       0      38        0.0%
SFR37                0      0       0      38        0.0%
BITSFR38             0      0       0      39        0.0%
SFR38                0      0       0      39        0.0%
BITSFR39             0      0       0      40        0.0%
SFR39                0      0       0      40        0.0%
BITSFR40             0      0       0      41        0.0%
SFR40                0      0       0      41        0.0%
BITSFR41             0      0       0      42        0.0%
SFR41                0      0       0      42        0.0%
BITSFR42             0      0       0      43        0.0%
SFR42                0      0       0      43        0.0%
BITSFR43             0      0       0      44        0.0%
SFR43                0      0       0      44        0.0%
BITSFR44             0      0       0      45        0.0%
SFR44                0      0       0      45        0.0%
BITSFR45             0      0       0      46        0.0%
SFR45                0      0       0      46        0.0%
BITSFR46             0      0       0      47        0.0%
SFR46                0      0       0      47        0.0%
BITSFR47             0      0       0      48        0.0%
SFR47                0      0       0      48        0.0%
BITSFR48             0      0       0      49        0.0%
SFR48                0      0       0      49        0.0%
BITSFR49             0      0       0      50        0.0%
SFR49                0      0       0      50        0.0%
BITSFR50             0      0       0      51        0.0%
SFR50                0      0       0      51        0.0%
BITSFR51             0      0       0      52        0.0%
SFR51                0      0       0      52        0.0%
BITSFR52             0      0       0      53        0.0%
SFR52                0      0       0      53        0.0%
BITSFR53             0      0       0      54        0.0%
SFR53                0      0       0      54        0.0%
BITSFR54             0      0       0      55        0.0%
SFR54                0      0       0      55        0.0%
BITSFR55             0      0       0      56        0.0%
SFR55                0      0       0      56        0.0%
BITSFR56             0      0       0      57        0.0%
SFR56                0      0       0      57        0.0%
BITSFR57             0      0       0      58        0.0%
SFR57                0      0       0      58        0.0%
BITSFR58             0      0       0      59        0.0%
SFR58                0      0       0      59        0.0%
BITSFR59             0      0       0      60        0.0%
SFR59                0      0       0      60        0.0%
BITSFR60             0      0       0      61        0.0%
SFR60                0      0       0      61        0.0%
BITSFR61             0      0       0      62        0.0%
SFR61                0      0       0      62        0.0%
BITSFR62             0      0       0      63        0.0%
SFR62                0      0       0      63        0.0%
BITSFR63             0      0       0      64        0.0%
SFR63                0      0       0      64        0.0%


Microchip Technology PIC Macro Assembler V2.05 build -831301201 
Symbol Table                                                                                   Tue Oct 27 15:00:07 2020

                     u70 07E9                       u90 07F0                      l574 07E3  
                    l584 07F8                      l576 07EB                      u104 07F2  
                   _main 07DC                     btemp 007E                     start 0001  
                  ?_main 0070                    _LATA0 00C0                    _LATA1 00C1  
                  _LATA2 00C2                    wtemp0 007E          __initialization 07FE  
           __end_of_main 07FE                   ??_main 0074                   _ANSELA 1F38  
                 _TRISA0 0090                   _TRISA1 0091                   _TRISA4 0094  
                 _TRISA5 0095  __end_of__initialization 07FE           __pcstackCOMMON 0070  
             __pmaintext 07DC                  _main$60 0074     end_of_initialization 07FE  
              _PORTAbits 000C      start_initialization 07FE                ___latbits 0000  
          __size_of_main 0022                 main@argc 0070                 main@argv 0072  
