

Microchip MPLAB XC8 Assembler V2.05 build -831301201 
                                                                                               Tue Oct 27 15:29:56 2020

Microchip MPLAB XC8 C Compiler v2.05 (Free license) build 20181220022703 Og1 
     1                           	processor	16LF15313
     2                           	opt	pw 120
     3                           	opt	flic
     4                           	psect	cinit,global,class=CODE,merge=1,delta=2
     5                           	psect	cstackCOMMON,global,class=COMMON,space=1,delta=1
     6                           	psect	maintext,global,class=CODE,merge=1,split=1,delta=2
     7                           	dabs	1,0x7E,2
     8  0000                     
     9                           ; Version 2.05
    10                           ; Generated 20/12/2018 GMT
    11                           ; 
    12                           ; Copyright © 2018, Microchip Technology Inc. and its subsidiaries ("Microchip")
    13                           ; All rights reserved.
    14                           ; 
    15                           ; This software is developed by Microchip Technology Inc. and its subsidiaries ("Microch
      +                          ip").
    16                           ; 
    17                           ; Redistribution and use in source and binary forms, with or without modification, are
    18                           ; permitted provided that the following conditions are met:
    19                           ; 
    20                           ;     1. Redistributions of source code must retain the above copyright notice, this lis
      +                          t of
    21                           ;        conditions and the following disclaimer.
    22                           ; 
    23                           ;     2. Redistributions in binary form must reproduce the above copyright notice, this 
      +                          list
    24                           ;        of conditions and the following disclaimer in the documentation and/or other
    25                           ;        materials provided with the distribution.
    26                           ; 
    27                           ;     3. Microchip's name may not be used to endorse or promote products derived from th
      +                          is
    28                           ;        software without specific prior written permission.
    29                           ; 
    30                           ; THIS SOFTWARE IS PROVIDED BY MICROCHIP "AS IS" AND ANY EXPRESS OR IMPLIED WARRANTIES,
    31                           ; INCLUDING, BUT NOT LIMITED TO, THE IMPLIED WARRANTIES OF MERCHANTABILITY AND FITNESS F
      +                          OR
    32                           ; PURPOSE ARE DISCLAIMED.  IN NO EVENT SHALL MICROCHIP BE LIABLE FOR ANY DIRECT, INDIREC
      +                          T,
    33                           ; INCIDENTAL, SPECIAL, EXEMPLARY, OR CONSEQUENTIAL DAMAGES (INCLUDING BUT NOT LIMITED TO
    34                           ; PROCUREMENT OF SUBSTITUTE GOODS OR SERVICES; LOSS OF USE, DATA OR PROFITS; OR BUSINESS
    35                           ; INTERRUPTION) HOWSOEVER CAUSED AND ON ANY THEORY OF LIABILITY, WHETHER IN CONTRACT, ST
      +                          RICT
    36                           ; LIABILITY, OR TORT (INCLUDING NEGLIGENCE OR OTHERWISE) ARISING IN ANY WAY OUT OF THE U
      +                          SE OF
    37                           ; THIS SOFTWARE, EVEN IF ADVISED OF THE POSSIBILITY OF SUCH DAMAGE.
    38                           ; 
    39                           ; 
    40                           ; Code-generator required, PIC16LF15313 Definitions
    41                           ; 
    42                           ; SFR Addresses
    43  0000                     	;# 
    44  0001                     	;# 
    45  0002                     	;# 
    46  0003                     	;# 
    47  0004                     	;# 
    48  0005                     	;# 
    49  0006                     	;# 
    50  0007                     	;# 
    51  0008                     	;# 
    52  0009                     	;# 
    53  000A                     	;# 
    54  000B                     	;# 
    55  000C                     	;# 
    56  0012                     	;# 
    57  0018                     	;# 
    58  009B                     	;# 
    59  009B                     	;# 
    60  009C                     	;# 
    61  009D                     	;# 
    62  009E                     	;# 
    63  009F                     	;# 
    64  0119                     	;# 
    65  0119                     	;# 
    66  0119                     	;# 
    67  011A                     	;# 
    68  011A                     	;# 
    69  011A                     	;# 
    70  011B                     	;# 
    71  011B                     	;# 
    72  011B                     	;# 
    73  011B                     	;# 
    74  011B                     	;# 
    75  011C                     	;# 
    76  011C                     	;# 
    77  011C                     	;# 
    78  011D                     	;# 
    79  011D                     	;# 
    80  011D                     	;# 
    81  011E                     	;# 
    82  011E                     	;# 
    83  011E                     	;# 
    84  011F                     	;# 
    85  011F                     	;# 
    86  011F                     	;# 
    87  011F                     	;# 
    88  011F                     	;# 
    89  018C                     	;# 
    90  018D                     	;# 
    91  018E                     	;# 
    92  018F                     	;# 
    93  0190                     	;# 
    94  0191                     	;# 
    95  0192                     	;# 
    96  020C                     	;# 
    97  020C                     	;# 
    98  020D                     	;# 
    99  020E                     	;# 
   100  020F                     	;# 
   101  020F                     	;# 
   102  0210                     	;# 
   103  0210                     	;# 
   104  0211                     	;# 
   105  0211                     	;# 
   106  028C                     	;# 
   107  028C                     	;# 
   108  028D                     	;# 
   109  028D                     	;# 
   110  028E                     	;# 
   111  028F                     	;# 
   112  0290                     	;# 
   113  0291                     	;# 
   114  030C                     	;# 
   115  030C                     	;# 
   116  030D                     	;# 
   117  030E                     	;# 
   118  030F                     	;# 
   119  0310                     	;# 
   120  0310                     	;# 
   121  0311                     	;# 
   122  0312                     	;# 
   123  0313                     	;# 
   124  0314                     	;# 
   125  0314                     	;# 
   126  0315                     	;# 
   127  0316                     	;# 
   128  0318                     	;# 
   129  0318                     	;# 
   130  0319                     	;# 
   131  031A                     	;# 
   132  031C                     	;# 
   133  031C                     	;# 
   134  031D                     	;# 
   135  031E                     	;# 
   136  038C                     	;# 
   137  038C                     	;# 
   138  038D                     	;# 
   139  038E                     	;# 
   140  058C                     	;# 
   141  058C                     	;# 
   142  058D                     	;# 
   143  058E                     	;# 
   144  058F                     	;# 
   145  058F                     	;# 
   146  0590                     	;# 
   147  0591                     	;# 
   148  0592                     	;# 
   149  0593                     	;# 
   150  059C                     	;# 
   151  059C                     	;# 
   152  059D                     	;# 
   153  059D                     	;# 
   154  059E                     	;# 
   155  059F                     	;# 
   156  060C                     	;# 
   157  060D                     	;# 
   158  060E                     	;# 
   159  060F                     	;# 
   160  0610                     	;# 
   161  0611                     	;# 
   162  0612                     	;# 
   163  0613                     	;# 
   164  0614                     	;# 
   165  070C                     	;# 
   166  070D                     	;# 
   167  070E                     	;# 
   168  070F                     	;# 
   169  0710                     	;# 
   170  0711                     	;# 
   171  0712                     	;# 
   172  0713                     	;# 
   173  0716                     	;# 
   174  0717                     	;# 
   175  0718                     	;# 
   176  0719                     	;# 
   177  071A                     	;# 
   178  071B                     	;# 
   179  071C                     	;# 
   180  071D                     	;# 
   181  0796                     	;# 
   182  0797                     	;# 
   183  0798                     	;# 
   184  0799                     	;# 
   185  079A                     	;# 
   186  079B                     	;# 
   187  080C                     	;# 
   188  080D                     	;# 
   189  080E                     	;# 
   190  080F                     	;# 
   191  0810                     	;# 
   192  0811                     	;# 
   193  0813                     	;# 
   194  0814                     	;# 
   195  081A                     	;# 
   196  081A                     	;# 
   197  081B                     	;# 
   198  081C                     	;# 
   199  081C                     	;# 
   200  081D                     	;# 
   201  081E                     	;# 
   202  081F                     	;# 
   203  088C                     	;# 
   204  088D                     	;# 
   205  088E                     	;# 
   206  088F                     	;# 
   207  0890                     	;# 
   208  0891                     	;# 
   209  0892                     	;# 
   210  0893                     	;# 
   211  0895                     	;# 
   212  0896                     	;# 
   213  090C                     	;# 
   214  090E                     	;# 
   215  090F                     	;# 
   216  091F                     	;# 
   217  098F                     	;# 
   218  098F                     	;# 
   219  0990                     	;# 
   220  0991                     	;# 
   221  0992                     	;# 
   222  0993                     	;# 
   223  1E0F                     	;# 
   224  1E10                     	;# 
   225  1E11                     	;# 
   226  1E12                     	;# 
   227  1E13                     	;# 
   228  1E14                     	;# 
   229  1E15                     	;# 
   230  1E16                     	;# 
   231  1E17                     	;# 
   232  1E18                     	;# 
   233  1E19                     	;# 
   234  1E1A                     	;# 
   235  1E1B                     	;# 
   236  1E1C                     	;# 
   237  1E1D                     	;# 
   238  1E1E                     	;# 
   239  1E1F                     	;# 
   240  1E20                     	;# 
   241  1E21                     	;# 
   242  1E22                     	;# 
   243  1E23                     	;# 
   244  1E24                     	;# 
   245  1E25                     	;# 
   246  1E26                     	;# 
   247  1E27                     	;# 
   248  1E28                     	;# 
   249  1E29                     	;# 
   250  1E2A                     	;# 
   251  1E2B                     	;# 
   252  1E2C                     	;# 
   253  1E2D                     	;# 
   254  1E2E                     	;# 
   255  1E2F                     	;# 
   256  1E30                     	;# 
   257  1E31                     	;# 
   258  1E32                     	;# 
   259  1E33                     	;# 
   260  1E34                     	;# 
   261  1E35                     	;# 
   262  1E36                     	;# 
   263  1E37                     	;# 
   264  1E8F                     	;# 
   265  1E90                     	;# 
   266  1E91                     	;# 
   267  1E92                     	;# 
   268  1E93                     	;# 
   269  1E9C                     	;# 
   270  1EA1                     	;# 
   271  1EA2                     	;# 
   272  1EB1                     	;# 
   273  1EBB                     	;# 
   274  1EBC                     	;# 
   275  1EBD                     	;# 
   276  1EBE                     	;# 
   277  1EC3                     	;# 
   278  1EC5                     	;# 
   279  1EC6                     	;# 
   280  1EC7                     	;# 
   281  1ECB                     	;# 
   282  1ECC                     	;# 
   283  1F10                     	;# 
   284  1F11                     	;# 
   285  1F12                     	;# 
   286  1F13                     	;# 
   287  1F14                     	;# 
   288  1F15                     	;# 
   289  1F38                     	;# 
   290  1F39                     	;# 
   291  1F3A                     	;# 
   292  1F3B                     	;# 
   293  1F3C                     	;# 
   294  1F3D                     	;# 
   295  1F3E                     	;# 
   296  1F3F                     	;# 
   297  1FE4                     	;# 
   298  1FE5                     	;# 
   299  1FE6                     	;# 
   300  1FE7                     	;# 
   301  1FE8                     	;# 
   302  1FE8                     	;# 
   303  1FE9                     	;# 
   304  1FEA                     	;# 
   305  1FEA                     	;# 
   306  1FEB                     	;# 
   307  1FED                     	;# 
   308  1FEE                     	;# 
   309  1FEF                     	;# 
   310  0000                     	;# 
   311  0001                     	;# 
   312  0002                     	;# 
   313  0003                     	;# 
   314  0004                     	;# 
   315  0005                     	;# 
   316  0006                     	;# 
   317  0007                     	;# 
   318  0008                     	;# 
   319  0009                     	;# 
   320  000A                     	;# 
   321  000B                     	;# 
   322  000C                     	;# 
   323  0012                     	;# 
   324  0018                     	;# 
   325  009B                     	;# 
   326  009B                     	;# 
   327  009C                     	;# 
   328  009D                     	;# 
   329  009E                     	;# 
   330  009F                     	;# 
   331  0119                     	;# 
   332  0119                     	;# 
   333  0119                     	;# 
   334  011A                     	;# 
   335  011A                     	;# 
   336  011A                     	;# 
   337  011B                     	;# 
   338  011B                     	;# 
   339  011B                     	;# 
   340  011B                     	;# 
   341  011B                     	;# 
   342  011C                     	;# 
   343  011C                     	;# 
   344  011C                     	;# 
   345  011D                     	;# 
   346  011D                     	;# 
   347  011D                     	;# 
   348  011E                     	;# 
   349  011E                     	;# 
   350  011E                     	;# 
   351  011F                     	;# 
   352  011F                     	;# 
   353  011F                     	;# 
   354  011F                     	;# 
   355  011F                     	;# 
   356  018C                     	;# 
   357  018D                     	;# 
   358  018E                     	;# 
   359  018F                     	;# 
   360  0190                     	;# 
   361  0191                     	;# 
   362  0192                     	;# 
   363  020C                     	;# 
   364  020C                     	;# 
   365  020D                     	;# 
   366  020E                     	;# 
   367  020F                     	;# 
   368  020F                     	;# 
   369  0210                     	;# 
   370  0210                     	;# 
   371  0211                     	;# 
   372  0211                     	;# 
   373  028C                     	;# 
   374  028C                     	;# 
   375  028D                     	;# 
   376  028D                     	;# 
   377  028E                     	;# 
   378  028F                     	;# 
   379  0290                     	;# 
   380  0291                     	;# 
   381  030C                     	;# 
   382  030C                     	;# 
   383  030D                     	;# 
   384  030E                     	;# 
   385  030F                     	;# 
   386  0310                     	;# 
   387  0310                     	;# 
   388  0311                     	;# 
   389  0312                     	;# 
   390  0313                     	;# 
   391  0314                     	;# 
   392  0314                     	;# 
   393  0315                     	;# 
   394  0316                     	;# 
   395  0318                     	;# 
   396  0318                     	;# 
   397  0319                     	;# 
   398  031A                     	;# 
   399  031C                     	;# 
   400  031C                     	;# 
   401  031D                     	;# 
   402  031E                     	;# 
   403  038C                     	;# 
   404  038C                     	;# 
   405  038D                     	;# 
   406  038E                     	;# 
   407  058C                     	;# 
   408  058C                     	;# 
   409  058D                     	;# 
   410  058E                     	;# 
   411  058F                     	;# 
   412  058F                     	;# 
   413  0590                     	;# 
   414  0591                     	;# 
   415  0592                     	;# 
   416  0593                     	;# 
   417  059C                     	;# 
   418  059C                     	;# 
   419  059D                     	;# 
   420  059D                     	;# 
   421  059E                     	;# 
   422  059F                     	;# 
   423  060C                     	;# 
   424  060D                     	;# 
   425  060E                     	;# 
   426  060F                     	;# 
   427  0610                     	;# 
   428  0611                     	;# 
   429  0612                     	;# 
   430  0613                     	;# 
   431  0614                     	;# 
   432  070C                     	;# 
   433  070D                     	;# 
   434  070E                     	;# 
   435  070F                     	;# 
   436  0710                     	;# 
   437  0711                     	;# 
   438  0712                     	;# 
   439  0713                     	;# 
   440  0716                     	;# 
   441  0717                     	;# 
   442  0718                     	;# 
   443  0719                     	;# 
   444  071A                     	;# 
   445  071B                     	;# 
   446  071C                     	;# 
   447  071D                     	;# 
   448  0796                     	;# 
   449  0797                     	;# 
   450  0798                     	;# 
   451  0799                     	;# 
   452  079A                     	;# 
   453  079B                     	;# 
   454  080C                     	;# 
   455  080D                     	;# 
   456  080E                     	;# 
   457  080F                     	;# 
   458  0810                     	;# 
   459  0811                     	;# 
   460  0813                     	;# 
   461  0814                     	;# 
   462  081A                     	;# 
   463  081A                     	;# 
   464  081B                     	;# 
   465  081C                     	;# 
   466  081C                     	;# 
   467  081D                     	;# 
   468  081E                     	;# 
   469  081F                     	;# 
   470  088C                     	;# 
   471  088D                     	;# 
   472  088E                     	;# 
   473  088F                     	;# 
   474  0890                     	;# 
   475  0891                     	;# 
   476  0892                     	;# 
   477  0893                     	;# 
   478  0895                     	;# 
   479  0896                     	;# 
   480  090C                     	;# 
   481  090E                     	;# 
   482  090F                     	;# 
   483  091F                     	;# 
   484  098F                     	;# 
   485  098F                     	;# 
   486  0990                     	;# 
   487  0991                     	;# 
   488  0992                     	;# 
   489  0993                     	;# 
   490  1E0F                     	;# 
   491  1E10                     	;# 
   492  1E11                     	;# 
   493  1E12                     	;# 
   494  1E13                     	;# 
   495  1E14                     	;# 
   496  1E15                     	;# 
   497  1E16                     	;# 
   498  1E17                     	;# 
   499  1E18                     	;# 
   500  1E19                     	;# 
   501  1E1A                     	;# 
   502  1E1B                     	;# 
   503  1E1C                     	;# 
   504  1E1D                     	;# 
   505  1E1E                     	;# 
   506  1E1F                     	;# 
   507  1E20                     	;# 
   508  1E21                     	;# 
   509  1E22                     	;# 
   510  1E23                     	;# 
   511  1E24                     	;# 
   512  1E25                     	;# 
   513  1E26                     	;# 
   514  1E27                     	;# 
   515  1E28                     	;# 
   516  1E29                     	;# 
   517  1E2A                     	;# 
   518  1E2B                     	;# 
   519  1E2C                     	;# 
   520  1E2D                     	;# 
   521  1E2E                     	;# 
   522  1E2F                     	;# 
   523  1E30                     	;# 
   524  1E31                     	;# 
   525  1E32                     	;# 
   526  1E33                     	;# 
   527  1E34                     	;# 
   528  1E35                     	;# 
   529  1E36                     	;# 
   530  1E37                     	;# 
   531  1E8F                     	;# 
   532  1E90                     	;# 
   533  1E91                     	;# 
   534  1E92                     	;# 
   535  1E93                     	;# 
   536  1E9C                     	;# 
   537  1EA1                     	;# 
   538  1EA2                     	;# 
   539  1EB1                     	;# 
   540  1EBB                     	;# 
   541  1EBC                     	;# 
   542  1EBD                     	;# 
   543  1EBE                     	;# 
   544  1EC3                     	;# 
   545  1EC5                     	;# 
   546  1EC6                     	;# 
   547  1EC7                     	;# 
   548  1ECB                     	;# 
   549  1ECC                     	;# 
   550  1F10                     	;# 
   551  1F11                     	;# 
   552  1F12                     	;# 
   553  1F13                     	;# 
   554  1F14                     	;# 
   555  1F15                     	;# 
   556  1F38                     	;# 
   557  1F39                     	;# 
   558  1F3A                     	;# 
   559  1F3B                     	;# 
   560  1F3C                     	;# 
   561  1F3D                     	;# 
   562  1F3E                     	;# 
   563  1F3F                     	;# 
   564  1FE4                     	;# 
   565  1FE5                     	;# 
   566  1FE6                     	;# 
   567  1FE7                     	;# 
   568  1FE8                     	;# 
   569  1FE8                     	;# 
   570  1FE9                     	;# 
   571  1FEA                     	;# 
   572  1FEA                     	;# 
   573  1FEB                     	;# 
   574  1FED                     	;# 
   575  1FEE                     	;# 
   576  1FEF                     	;# 
   577  0000                     	;# 
   578  0001                     	;# 
   579  0002                     	;# 
   580  0003                     	;# 
   581  0004                     	;# 
   582  0005                     	;# 
   583  0006                     	;# 
   584  0007                     	;# 
   585  0008                     	;# 
   586  0009                     	;# 
   587  000A                     	;# 
   588  000B                     	;# 
   589  000C                     	;# 
   590  0012                     	;# 
   591  0018                     	;# 
   592  009B                     	;# 
   593  009B                     	;# 
   594  009C                     	;# 
   595  009D                     	;# 
   596  009E                     	;# 
   597  009F                     	;# 
   598  0119                     	;# 
   599  0119                     	;# 
   600  0119                     	;# 
   601  011A                     	;# 
   602  011A                     	;# 
   603  011A                     	;# 
   604  011B                     	;# 
   605  011B                     	;# 
   606  011B                     	;# 
   607  011B                     	;# 
   608  011B                     	;# 
   609  011C                     	;# 
   610  011C                     	;# 
   611  011C                     	;# 
   612  011D                     	;# 
   613  011D                     	;# 
   614  011D                     	;# 
   615  011E                     	;# 
   616  011E                     	;# 
   617  011E                     	;# 
   618  011F                     	;# 
   619  011F                     	;# 
   620  011F                     	;# 
   621  011F                     	;# 
   622  011F                     	;# 
   623  018C                     	;# 
   624  018D                     	;# 
   625  018E                     	;# 
   626  018F                     	;# 
   627  0190                     	;# 
   628  0191                     	;# 
   629  0192                     	;# 
   630  020C                     	;# 
   631  020C                     	;# 
   632  020D                     	;# 
   633  020E                     	;# 
   634  020F                     	;# 
   635  020F                     	;# 
   636  0210                     	;# 
   637  0210                     	;# 
   638  0211                     	;# 
   639  0211                     	;# 
   640  028C                     	;# 
   641  028C                     	;# 
   642  028D                     	;# 
   643  028D                     	;# 
   644  028E                     	;# 
   645  028F                     	;# 
   646  0290                     	;# 
   647  0291                     	;# 
   648  030C                     	;# 
   649  030C                     	;# 
   650  030D                     	;# 
   651  030E                     	;# 
   652  030F                     	;# 
   653  0310                     	;# 
   654  0310                     	;# 
   655  0311                     	;# 
   656  0312                     	;# 
   657  0313                     	;# 
   658  0314                     	;# 
   659  0314                     	;# 
   660  0315                     	;# 
   661  0316                     	;# 
   662  0318                     	;# 
   663  0318                     	;# 
   664  0319                     	;# 
   665  031A                     	;# 
   666  031C                     	;# 
   667  031C                     	;# 
   668  031D                     	;# 
   669  031E                     	;# 
   670  038C                     	;# 
   671  038C                     	;# 
   672  038D                     	;# 
   673  038E                     	;# 
   674  058C                     	;# 
   675  058C                     	;# 
   676  058D                     	;# 
   677  058E                     	;# 
   678  058F                     	;# 
   679  058F                     	;# 
   680  0590                     	;# 
   681  0591                     	;# 
   682  0592                     	;# 
   683  0593                     	;# 
   684  059C                     	;# 
   685  059C                     	;# 
   686  059D                     	;# 
   687  059D                     	;# 
   688  059E                     	;# 
   689  059F                     	;# 
   690  060C                     	;# 
   691  060D                     	;# 
   692  060E                     	;# 
   693  060F                     	;# 
   694  0610                     	;# 
   695  0611                     	;# 
   696  0612                     	;# 
   697  0613                     	;# 
   698  0614                     	;# 
   699  070C                     	;# 
   700  070D                     	;# 
   701  070E                     	;# 
   702  070F                     	;# 
   703  0710                     	;# 
   704  0711                     	;# 
   705  0712                     	;# 
   706  0713                     	;# 
   707  0716                     	;# 
   708  0717                     	;# 
   709  0718                     	;# 
   710  0719                     	;# 
   711  071A                     	;# 
   712  071B                     	;# 
   713  071C                     	;# 
   714  071D                     	;# 
   715  0796                     	;# 
   716  0797                     	;# 
   717  0798                     	;# 
   718  0799                     	;# 
   719  079A                     	;# 
   720  079B                     	;# 
   721  080C                     	;# 
   722  080D                     	;# 
   723  080E                     	;# 
   724  080F                     	;# 
   725  0810                     	;# 
   726  0811                     	;# 
   727  0813                     	;# 
   728  0814                     	;# 
   729  081A                     	;# 
   730  081A                     	;# 
   731  081B                     	;# 
   732  081C                     	;# 
   733  081C                     	;# 
   734  081D                     	;# 
   735  081E                     	;# 
   736  081F                     	;# 
   737  088C                     	;# 
   738  088D                     	;# 
   739  088E                     	;# 
   740  088F                     	;# 
   741  0890                     	;# 
   742  0891                     	;# 
   743  0892                     	;# 
   744  0893                     	;# 
   745  0895                     	;# 
   746  0896                     	;# 
   747  090C                     	;# 
   748  090E                     	;# 
   749  090F                     	;# 
   750  091F                     	;# 
   751  098F                     	;# 
   752  098F                     	;# 
   753  0990                     	;# 
   754  0991                     	;# 
   755  0992                     	;# 
   756  0993                     	;# 
   757  1E0F                     	;# 
   758  1E10                     	;# 
   759  1E11                     	;# 
   760  1E12                     	;# 
   761  1E13                     	;# 
   762  1E14                     	;# 
   763  1E15                     	;# 
   764  1E16                     	;# 
   765  1E17                     	;# 
   766  1E18                     	;# 
   767  1E19                     	;# 
   768  1E1A                     	;# 
   769  1E1B                     	;# 
   770  1E1C                     	;# 
   771  1E1D                     	;# 
   772  1E1E                     	;# 
   773  1E1F                     	;# 
   774  1E20                     	;# 
   775  1E21                     	;# 
   776  1E22                     	;# 
   777  1E23                     	;# 
   778  1E24                     	;# 
   779  1E25                     	;# 
   780  1E26                     	;# 
   781  1E27                     	;# 
   782  1E28                     	;# 
   783  1E29                     	;# 
   784  1E2A                     	;# 
   785  1E2B                     	;# 
   786  1E2C                     	;# 
   787  1E2D                     	;# 
   788  1E2E                     	;# 
   789  1E2F                     	;# 
   790  1E30                     	;# 
   791  1E31                     	;# 
   792  1E32                     	;# 
   793  1E33                     	;# 
   794  1E34                     	;# 
   795  1E35                     	;# 
   796  1E36                     	;# 
   797  1E37                     	;# 
   798  1E8F                     	;# 
   799  1E90                     	;# 
   800  1E91                     	;# 
   801  1E92                     	;# 
   802  1E93                     	;# 
   803  1E9C                     	;# 
   804  1EA1                     	;# 
   805  1EA2                     	;# 
   806  1EB1                     	;# 
   807  1EBB                     	;# 
   808  1EBC                     	;# 
   809  1EBD                     	;# 
   810  1EBE                     	;# 
   811  1EC3                     	;# 
   812  1EC5                     	;# 
   813  1EC6                     	;# 
   814  1EC7                     	;# 
   815  1ECB                     	;# 
   816  1ECC                     	;# 
   817  1F10                     	;# 
   818  1F11                     	;# 
   819  1F12                     	;# 
   820  1F13                     	;# 
   821  1F14                     	;# 
   822  1F15                     	;# 
   823  1F38                     	;# 
   824  1F39                     	;# 
   825  1F3A                     	;# 
   826  1F3B                     	;# 
   827  1F3C                     	;# 
   828  1F3D                     	;# 
   829  1F3E                     	;# 
   830  1F3F                     	;# 
   831  1FE4                     	;# 
   832  1FE5                     	;# 
   833  1FE6                     	;# 
   834  1FE7                     	;# 
   835  1FE8                     	;# 
   836  1FE8                     	;# 
   837  1FE9                     	;# 
   838  1FEA                     	;# 
   839  1FEA                     	;# 
   840  1FEB                     	;# 
   841  1FED                     	;# 
   842  1FEE                     	;# 
   843  1FEF                     	;# 
   844  0012                     _TRISA	set	18
   845  0018                     _LATA	set	24
   846  000C                     _PORTAbits	set	12
   847  00C2                     _LATA2	set	194
   848  00C0                     _LATA0	set	192
   849  00C1                     _LATA1	set	193
   850  0094                     _TRISA4	set	148
   851  0095                     _TRISA5	set	149
   852  0092                     _TRISA2	set	146
   853  0090                     _TRISA0	set	144
   854  0091                     _TRISA1	set	145
   855  079B                     _PMD5	set	1947
   856  079A                     _PMD4	set	1946
   857  0799                     _PMD3	set	1945
   858  0798                     _PMD2	set	1944
   859  0797                     _PMD1	set	1943
   860  0796                     _PMD0	set	1942
   861  0892                     _OSCTUNE	set	2194
   862  0890                     _OSCSTAT	set	2192
   863  0893                     _OSCFRQ	set	2195
   864  0891                     _OSCEN	set	2193
   865  088F                     _OSCCON3	set	2191
   866  088D                     _OSCCON1	set	2189
   867  1F3C                     _INLVLA	set	7996
   868  1F3B                     _SLRCONA	set	7995
   869  1F3A                     _ODCONA	set	7994
   870  1F39                     _WPUA	set	7993
   871  1F38                     _ANSELA	set	7992
   872                           
   873                           ; #config settings
   874  0000                     
   875                           	psect	cinit
   876  07FE                     start_initialization:	
   877  07FE                     __initialization:	
   878  07FE                     end_of_initialization:	
   879                           ;End of C runtime variable initialization code
   880                           
   881  07FE                     __end_of__initialization:	
   882  07FE  0140               	movlb	0
   883  07FF  2FDB               	ljmp	_main	;jump to C main() function
   884                           
   885                           	psect	cstackCOMMON
   886  0070                     __pcstackCOMMON:	
   887  0070                     ?_main:	
   888  0070                     main@argc:	
   889                           ; 2 bytes @ 0x0
   890                           
   891                           
   892                           ; 2 bytes @ 0x0
   893  0070                     	ds	2
   894  0072                     main@argv:	
   895                           
   896                           ; 2 bytes @ 0x2
   897  0072                     	ds	2
   898  0074                     ??_main:	
   899  0074                     _main$61:	
   900                           ; 1 bytes @ 0x4
   901                           
   902                           
   903                           ; 1 bytes @ 0x4
   904  0074                     	ds	1
   905                           
   906                           	psect	maintext
   907  07DB                     __pmaintext:	
   908 ;;
   909 ;;Main: autosize = 0, tempsize = 0, incstack = 0, save=0
   910 ;;
   911 ;; *************** function _main *****************
   912 ;; Defined at:
   913 ;;		line 16 in file "main.c"
   914 ;; Parameters:    Size  Location     Type
   915 ;;  argc            2    0[COMMON] int 
   916 ;;  argv            2    2[COMMON] PTR PTR unsigned char 
   917 ;; Auto vars:     Size  Location     Type
   918 ;;		None
   919 ;; Return value:  Size  Location     Type
   920 ;;                  2    0[COMMON] int 
   921 ;; Registers used:
   922 ;;		wreg, status,2, status,0
   923 ;; Tracked objects:
   924 ;;		On entry : B3F/0
   925 ;;		On exit  : 0/0
   926 ;;		Unchanged: 0/0
   927 ;; Data sizes:     COMMON   BANK0   BANK1   BANK2
   928 ;;      Params:         4       0       0       0
   929 ;;      Locals:         1       0       0       0
   930 ;;      Temps:          0       0       0       0
   931 ;;      Totals:         5       0       0       0
   932 ;;Total ram usage:        5 bytes
   933 ;; This function calls:
   934 ;;		Nothing
   935 ;; This function is called by:
   936 ;;		Startup code after reset
   937 ;; This function uses a non-reentrant model
   938 ;;
   939                           
   940                           
   941                           ;psect for function _main
   942  07DB                     _main:	
   943                           
   944                           ;main.c: 17:     TRISA1 = 0;
   945                           
   946                           ;incstack = 0
   947                           ; Regs used in _main: [wreg+status,2+status,0]
   948  07DB  0140               	movlb	0	; select bank0
   949  07DC  1092               	bcf	18,1	;volatile
   950                           
   951                           ;main.c: 18:     TRISA0 = 0;
   952  07DD  1012               	bcf	18,0	;volatile
   953                           
   954                           ;main.c: 19:     TRISA2 = 0;
   955  07DE  1112               	bcf	18,2	;volatile
   956                           
   957                           ;main.c: 20:     TRISA5 = 1;
   958  07DF  1692               	bsf	18,5	;volatile
   959                           
   960                           ;main.c: 21:     TRISA4 = 1;
   961  07E0  1612               	bsf	18,4	;volatile
   962                           
   963                           ;main.c: 23:     ANSELA = 0x00;
   964  07E1  017E               	movlb	62	; select bank62
   965  07E2  01B8               	clrf	56	;volatile
   966  07E3                     l663:	
   967                           
   968                           ;main.c: 26:         LATA1 = PORTAbits.RA5;
   969  07E3  0140               	movlb	0	; select bank0
   970  07E4  1E8C               	btfss	12,5	;volatile
   971  07E5  2FE9               	goto	u70
   972  07E6  0140               	movlb	0	; select bank0
   973  07E7  1498               	bsf	24,1	;volatile
   974  07E8  2FEB               	goto	l665
   975  07E9                     u70:	
   976  07E9  0140               	movlb	0	; select bank0
   977  07EA  1098               	bcf	24,1	;volatile
   978  07EB                     l665:	
   979                           
   980                           ;main.c: 27:         LATA0 = PORTAbits.RA4;
   981  07EB  1E0C               	btfss	12,4	;volatile
   982  07EC  2FF0               	goto	u90
   983  07ED  0140               	movlb	0	; select bank0
   984  07EE  1418               	bsf	24,0	;volatile
   985  07EF  2FF2               	goto	u104
   986  07F0                     u90:	
   987  07F0  0140               	movlb	0	; select bank0
   988  07F1  1018               	bcf	24,0	;volatile
   989  07F2                     u104:	
   990                           
   991                           ;main.c: 28:         LATA2 = PORTAbits.RA5 && PORTAbits.RA4;
   992  07F2  01F4               	clrf	_main$61
   993  07F3  1A8C               	btfsc	12,5	;volatile
   994  07F4  1E0C               	btfss	12,4	;volatile
   995  07F5  2FF8               	goto	l673
   996  07F6  01F4               	clrf	_main$61
   997  07F7  0AF4               	incf	_main$61,f
   998  07F8                     l673:	
   999  07F8  0C74               	rrf	_main$61,w
  1000  07F9  1C03               	skipc
  1001  07FA  1118               	bcf	24,2	;volatile
  1002  07FB  1803               	skipnc
  1003  07FC  1518               	bsf	24,2	;volatile
  1004  07FD  2FE3               	goto	l663
  1005  07FE                     __end_of_main:	
  1006  007E                     btemp	set	126	;btemp
  1007  007E                     wtemp0	set	126


Data Sizes:
    Strings     0
    Constant    0
    Data        0
    BSS         0
    Persistent  32
    Stack       0

Auto Spaces:
    Space          Size  Autos    Used
    COMMON           14      5       5
    BANK0            80      0       0
    BANK1            80      0       0
    BANK2            80      0       0

Pointer List with Targets:

    None.

Critical Paths under _main in COMMON

    None.

Critical Paths under _main in BANK0

    None.

Critical Paths under _main in BANK1

    None.

Critical Paths under _main in BANK2

    None.

Call Graph Tables:

 ---------------------------------------------------------------------------------
 (Depth) Function   	        Calls       Base Space   Used Autos Params    Refs
 ---------------------------------------------------------------------------------
 (0) _main                                                 5     1      4      24
                                              0 COMMON     5     1      4
 ---------------------------------------------------------------------------------
 Estimated maximum stack depth 0
 ---------------------------------------------------------------------------------

 Call Graph Graphs:

 _main (ROOT)

 Address spaces:
Name               Size   Autos  Total    Cost      Usage
BIGRAM              F0      0       0       0        0.0%
NULL                 0      0       0       0        0.0%
CODE                 0      0       0       0        0.0%
BITCOMMON            E      0       0       1        0.0%
BITSFR0              0      0       0       1        0.0%
SFR0                 0      0       0       1        0.0%
COMMON               E      5       5       2       35.7%
BITSFR1              0      0       0       2        0.0%
SFR1                 0      0       0       2        0.0%
BITSFR2              0      0       0       3        0.0%
SFR2                 0      0       0       3        0.0%
STACK                0      0       0       3        0.0%
BITBANK0            50      0       0       4        0.0%
BITSFR3              0      0       0       4        0.0%
SFR3                 0      0       0       4        0.0%
BANK0               50      0       0       5        0.0%
BITSFR4              0      0       0       5        0.0%
SFR4                 0      0       0       5        0.0%
BITBANK1            50      0       0       6        0.0%
BITSFR5              0      0       0       6        0.0%
SFR5                 0      0       0       6        0.0%
BANK1               50      0       0       7        0.0%
BITSFR6              0      0       0       7        0.0%
SFR6                 0      0       0       7        0.0%
BITBANK2            50      0       0       8        0.0%
BITSFR7              0      0       0       8        0.0%
SFR7                 0      0       0       8        0.0%
BANK2               50      0       0       9        0.0%
BITSFR8              0      0       0       9        0.0%
SFR8                 0      0       0       9        0.0%
BITSFR9              0      0       0      10        0.0%
SFR9                 0      0       0      10        0.0%
ABS                  0      0       0      10        0.0%
BITSFR10             0      0       0      11        0.0%
SFR10                0      0       0      11        0.0%
DATA                 0      0       0      11        0.0%
BITSFR11             0      0       0      12        0.0%
SFR11                0      0       0      12        0.0%
BITSFR12             0      0       0      13        0.0%
SFR12                0      0       0      13        0.0%
BITSFR13             0      0       0      14        0.0%
SFR13                0      0       0      14        0.0%
BITSFR14             0      0       0      15        0.0%
SFR14                0      0       0      15        0.0%
BITSFR15             0      0       0      16        0.0%
SFR15                0      0       0      16        0.0%
BITSFR16             0      0       0      17        0.0%
SFR16                0      0       0      17        0.0%
BITSFR17             0      0       0      18        0.0%
SFR17                0      0       0      18        0.0%
BITSFR18             0      0       0      19        0.0%
SFR18                0      0       0      19        0.0%
BITSFR19             0      0       0      20        0.0%
SFR19                0      0       0      20        0.0%
BITSFR20             0      0       0      21        0.0%
SFR20                0      0       0      21        0.0%
BITSFR21             0      0       0      22        0.0%
SFR21                0      0       0      22        0.0%
BITSFR22             0      0       0      23        0.0%
SFR22                0      0       0      23        0.0%
BITSFR23             0      0       0      24        0.0%
SFR23                0      0       0      24        0.0%
BITSFR24             0      0       0      25        0.0%
SFR24                0      0       0      25        0.0%
BITSFR25             0      0       0      26        0.0%
SFR25                0      0       0      26        0.0%
BITSFR26             0      0       0      27        0.0%
SFR26                0      0       0      27        0.0%
BITSFR27             0      0       0      28        0.0%
SFR27                0      0       0      28        0.0%
BITSFR28             0      0       0      29        0.0%
SFR28                0      0       0      29        0.0%
BITSFR29             0      0       0      30        0.0%
SFR29                0      0       0      30        0.0%
BITSFR30             0      0       0      31        0.0%
SFR30                0      0       0      31        0.0%
BITSFR31             0      0       0      32        0.0%
SFR31                0      0       0      32        0.0%
BITSFR32             0      0       0      33        0.0%
SFR32                0      0       0      33        0.0%
BITSFR33             0      0       0      34        0.0%
SFR33                0      0       0      34        0.0%
BITSFR34             0      0       0      35        0.0%
SFR34                0      0       0      35        0.0%
BITSFR35             0      0       0      36        0.0%
SFR35                0      0       0      36        0.0%
BITSFR36             0      0       0      37        0.0%
SFR36                0      0       0      37        0.0%
BITSFR37             0      0       0      38        0.0%
SFR37                0      0       0      38        0.0%
BITSFR38             0      0       0      39        0.0%
SFR38                0      0       0      39        0.0%
BITSFR39             0      0       0      40        0.0%
SFR39                0      0       0      40        0.0%
BITSFR40             0      0       0      41        0.0%
SFR40                0      0       0      41        0.0%
BITSFR41             0      0       0      42        0.0%
SFR41                0      0       0      42        0.0%
BITSFR42             0      0       0      43        0.0%
SFR42                0      0       0      43        0.0%
BITSFR43             0      0       0      44        0.0%
SFR43                0      0       0      44        0.0%
BITSFR44             0      0       0      45        0.0%
SFR44                0      0       0      45        0.0%
BITSFR45             0      0       0      46        0.0%
SFR45                0      0       0      46        0.0%
BITSFR46             0      0       0      47        0.0%
SFR46                0      0       0      47        0.0%
BITSFR47             0      0       0      48        0.0%
SFR47                0      0       0      48        0.0%
BITSFR48             0      0       0      49        0.0%
SFR48                0      0       0      49        0.0%
BITSFR49             0      0       0      50        0.0%
SFR49                0      0       0      50        0.0%
BITSFR50             0      0       0      51        0.0%
SFR50                0      0       0      51        0.0%
BITSFR51             0      0       0      52        0.0%
SFR51                0      0       0      52        0.0%
BITSFR52             0      0       0      53        0.0%
SFR52                0      0       0      53        0.0%
BITSFR53             0      0       0      54        0.0%
SFR53                0      0       0      54        0.0%
BITSFR54             0      0       0      55        0.0%
SFR54                0      0       0      55        0.0%
BITSFR55             0      0       0      56        0.0%
SFR55                0      0       0      56        0.0%
BITSFR56             0      0       0      57        0.0%
SFR56                0      0       0      57        0.0%
BITSFR57             0      0       0      58        0.0%
SFR57                0      0       0      58        0.0%
BITSFR58             0      0       0      59        0.0%
SFR58                0      0       0      59        0.0%
BITSFR59             0      0       0      60        0.0%
SFR59                0      0       0      60        0.0%
BITSFR60             0      0       0      61        0.0%
SFR60                0      0       0      61        0.0%
BITSFR61             0      0       0      62        0.0%
SFR61                0      0       0      62        0.0%
BITSFR62             0      0       0      63        0.0%
SFR62                0      0       0      63        0.0%
BITSFR63             0      0       0      64        0.0%
SFR63                0      0       0      64        0.0%


Microchip Technology PIC Macro Assembler V2.05 build -831301201 
Symbol Table                                                                                   Tue Oct 27 15:29:56 2020

            __CFG_CP$OFF 0000                       u70 07E9                       u90 07F0  
            __CFG_LVP$ON 0000                      l663 07E3                      l673 07F8  
                    l665 07EB                      u104 07F2             __CFG_BORV$LO 0000  
          __CFG_BBEN$OFF 0000             __CFG_ZCD$OFF 0000                     _LATA 0018  
                   _PMD0 0796                     _PMD1 0797                     _PMD2 0798  
                   _PMD3 0799                     _PMD4 079A                     _PMD5 079B  
                   _WPUA 1F39            __CFG_FCMEN$ON 0000                     _main 07DB  
                   btemp 007E            __CFG_BOREN$ON 0000                     start 0001  
          __CFG_CSWEN$ON 0000            __CFG_MCLRE$ON 0000                    ?_main 0070  
          __CFG_WDTE$OFF 0000                    _LATA0 00C0                    _LATA1 00C1  
                  _LATA2 00C2                    _OSCEN 0891                    _TRISA 0012  
          __CFG_WRTB$OFF 0000            __CFG_WRTC$OFF 0000                    wtemp0 007E  
        __initialization 07FE             __end_of_main 07FE           __CFG_SAFEN$OFF 0000  
                 ??_main 0074                   _ANSELA 1F38       __CFG_RSTOSC$HFINT1 0000  
                 _ODCONA 1F3A           __CFG_WDTCCS$SC 0000                   _INLVLA 1F3C  
                 _OSCFRQ 0893                   _TRISA0 0090                   _TRISA1 0091  
                 _TRISA2 0092                   _TRISA4 0094                   _TRISA5 0095  
         __CFG_PWRTE$OFF 0000           __CFG_STVREN$ON 0000  __end_of__initialization 07FE  
         __pcstackCOMMON 0070               __pmaintext 07DB          __CFG_PPS1WAY$ON 0000  
                _OSCCON1 088D                  _OSCCON3 088F                  _OSCSTAT 0890  
                _OSCTUNE 0892                  _SLRCONA 1F3B                  _main$61 0074  
        __CFG_WRTAPP$OFF 0000          __CFG_WRTSAF$OFF 0000     end_of_initialization 07FE  
  __CFG_WDTCPS$WDTCPS_31 0000                _PORTAbits 000C         __CFG_FEXTOSC$OFF 0000  
    start_initialization 07FE         __CFG_LPBOREN$OFF 0000                ___latbits 0000  
      __CFG_BBSIZE$BB512 0000            __size_of_main 0023     __CFG_WDTCWS$WDTCWS_7 0000  
               main@argc 0070                 main@argv 0072        __CFG_CLKOUTEN$OFF 0000  
